2024-04-22 08:05:48,695 - root - INFO - Epoch 0; loss: 0.43086719512939453; CER: 0.015331890434026718; WER: 0.1282467544078827; val_loss: 0.007511124946177006; val_CER: 0.0; val_WER: 0.0
2024-04-22 08:06:09,621 - root - INFO - Epoch 1; loss: 0.4357995390892029; CER: 0.015331890434026718; WER: 0.11850649118423462; val_loss: 0.016877949237823486; val_CER: 0.0; val_WER: 0.0
2024-04-22 08:06:31,481 - root - INFO - Epoch 2; loss: 0.45388317108154297; CER: 0.013888888992369175; WER: 0.1071428582072258; val_loss: 0.01975848898291588; val_CER: 0.0; val_WER: 0.0
2024-04-22 08:06:53,622 - root - INFO - Epoch 3; loss: 0.41186970472335815; CER: 0.015151516534388065; WER: 0.12175324559211731; val_loss: 0.1614220291376114; val_CER: 0.006441223900765181; val_WER: 0.043478261679410934
2024-04-22 08:07:15,137 - root - INFO - Epoch 4; loss: 0.4598400592803955; CER: 0.014249640516936779; WER: 0.11850649118423462; val_loss: 0.046603500843048096; val_CER: 0.0016103059751912951; val_WER: 0.014492753893136978
2024-04-22 08:07:36,786 - root - INFO - Epoch 5; loss: 0.41724902391433716; CER: 0.01352813933044672; WER: 0.11525973677635193; val_loss: 0.033722806721925735; val_CER: 0.0016103059751912951; val_WER: 0.014492753893136978
2024-04-22 08:07:59,008 - root - INFO - Epoch 6; loss: 0.4103884696960449; CER: 0.014069265685975552; WER: 0.11850649118423462; val_loss: 0.12572859227657318; val_CER: 0.0032206119503825903; val_WER: 0.028985507786273956
2024-04-22 08:08:21,281 - root - INFO - Epoch 7; loss: 0.34175363183021545; CER: 0.0119047611951828; WER: 0.09902597218751907; val_loss: 0.11796510219573975; val_CER: 0.008051530458033085; val_WER: 0.05797101557254791
2024-04-22 08:08:44,169 - root - INFO - Epoch 8; loss: 0.4164843261241913; CER: 0.012806638143956661; WER: 0.10389610379934311; val_loss: 0.11219672113656998; val_CER: 0.009661835618317127; val_WER: 0.07246376574039459
2024-04-22 08:09:06,494 - root - INFO - Epoch 9; loss: 0.3425767123699188; CER: 0.010642137378454208; WER: 0.09090909361839294; val_loss: 0.17789717018604279; val_CER: 0.004830917809158564; val_WER: 0.043478261679410934
2024-04-22 08:09:28,885 - root - INFO - Epoch 10; loss: 0.2751532196998596; CER: 0.009920634329319; WER: 0.08441558480262756; val_loss: 0.17955300211906433; val_CER: 0.004830917809158564; val_WER: 0.043478261679410934
2024-04-22 08:09:51,108 - root - INFO - Epoch 11; loss: 0.3073533773422241; CER: 0.011363635770976543; WER: 0.09090909361839294; val_loss: 0.0704132691025734; val_CER: 0.0032206119503825903; val_WER: 0.028985507786273956
2024-04-22 08:10:13,655 - root - INFO - Epoch 12; loss: 0.27126696705818176; CER: 0.010461760684847832; WER: 0.08603896200656891; val_loss: 0.13185881078243256; val_CER: 0.0032206119503825903; val_WER: 0.028985507786273956
2024-04-22 08:10:37,131 - root - INFO - Epoch 13; loss: 0.3501960337162018; CER: 0.012085137888789177; WER: 0.09577921777963638; val_loss: 0.24297283589839935; val_CER: 0.009661835618317127; val_WER: 0.07246376574039459
2024-04-22 08:10:59,837 - root - INFO - Epoch 14; loss: 0.34522226452827454; CER: 0.011904762126505375; WER: 0.09902597218751907; val_loss: 0.23496407270431519; val_CER: 0.004830917809158564; val_WER: 0.043478261679410934
2024-04-22 08:11:22,297 - root - INFO - Epoch 15; loss: 0.3571578860282898; CER: 0.012806637212634087; WER: 0.11038961261510849; val_loss: 0.2543255090713501; val_CER: 0.008051530458033085; val_WER: 0.07246376574039459
2024-04-22 08:11:44,859 - root - INFO - Epoch 16; loss: 0.33806100487709045; CER: 0.012987012974917889; WER: 0.1071428582072258; val_loss: 0.20875363051891327; val_CER: 0.006441223900765181; val_WER: 0.05797101557254791
2024-04-22 08:12:07,137 - root - INFO - Epoch 17; loss: 0.31181079149246216; CER: 0.011002887040376663; WER: 0.09090909361839294; val_loss: 0.2725469768047333; val_CER: 0.008051530458033085; val_WER: 0.05797101557254791
2024-04-22 08:12:29,416 - root - INFO - Epoch 18; loss: 0.33022040128707886; CER: 0.011002887040376663; WER: 0.09740259498357773; val_loss: 0.38914287090301514; val_CER: 0.008051530458033085; val_WER: 0.05797101557254791
2024-04-22 08:12:51,830 - root - INFO - Epoch 19; loss: 0.4148116707801819; CER: 0.013888888992369175; WER: 0.11363636702299118; val_loss: 0.292440801858902; val_CER: 0.009661835618317127; val_WER: 0.05797101557254791
2024-04-22 08:13:14,101 - root - INFO - Epoch 20; loss: 0.35007330775260925; CER: 0.011544011533260345; WER: 0.10227272659540176; val_loss: 0.2202439308166504; val_CER: 0.006441223900765181; val_WER: 0.05797101557254791
2024-04-22 08:13:36,375 - root - INFO - Epoch 21; loss: 0.35000160336494446; CER: 0.011724387295544147; WER: 0.10227272659540176; val_loss: 0.2602032721042633; val_CER: 0.008051530458033085; val_WER: 0.05797101557254791
2024-04-22 08:13:59,140 - root - INFO - Epoch 22; loss: 0.3469482660293579; CER: 0.011544011533260345; WER: 0.09253247082233429; val_loss: 0.19380317628383636; val_CER: 0.008051530458033085; val_WER: 0.07246376574039459
2024-04-22 08:14:23,184 - root - INFO - Epoch 23; loss: 0.2633764445781708; CER: 0.009740259498357773; WER: 0.08441558480262756; val_loss: 0.2705702483654022; val_CER: 0.006441223900765181; val_WER: 0.05797101557254791
2024-04-22 08:14:47,900 - root - INFO - Epoch 24; loss: 0.2453317940235138; CER: 0.009018760174512863; WER: 0.07467532157897949; val_loss: 0.2475799024105072; val_CER: 0.006441223900765181; val_WER: 0.05797101557254791
2024-04-22 08:15:10,386 - root - INFO - Epoch 25; loss: 0.24478094279766083; CER: 0.007395382970571518; WER: 0.06493506580591202; val_loss: 0.19122731685638428; val_CER: 0.008051530458033085; val_WER: 0.07246376574039459
2024-04-22 08:15:32,876 - root - INFO - Epoch 26; loss: 0.2945556044578552; CER: 0.008477633818984032; WER: 0.07305194437503815; val_loss: 0.225635826587677; val_CER: 0.006441223900765181; val_WER: 0.05797101557254791
2024-04-22 08:15:55,204 - root - INFO - Epoch 27; loss: 0.2083652764558792; CER: 0.0061327568255364895; WER: 0.0535714291036129; val_loss: 0.24910199642181396; val_CER: 0.004830917809158564; val_WER: 0.043478261679410934
2024-04-22 08:16:17,525 - root - INFO - Epoch 28; loss: 0.256759911775589; CER: 0.00919913500547409; WER: 0.08279220759868622; val_loss: 0.31724753975868225; val_CER: 0.006441223900765181; val_WER: 0.05797101557254791
2024-04-22 08:16:40,185 - root - INFO - Epoch 29; loss: 0.16939008235931396; CER: 0.0061327568255364895; WER: 0.05032467469573021; val_loss: 0.32415950298309326; val_CER: 0.006441223900765181; val_WER: 0.05797101557254791
2024-04-22 08:17:02,774 - root - INFO - Epoch 30; loss: 0.16428440809249878; CER: 0.005952381994575262; WER: 0.05032467469573021; val_loss: 0.17938880622386932; val_CER: 0.004830917809158564; val_WER: 0.043478261679410934
2024-04-22 08:17:25,038 - root - INFO - Epoch 31; loss: 0.2074798047542572; CER: 0.0079365074634552; WER: 0.06818182021379471; val_loss: 0.30941981077194214; val_CER: 0.006441223900765181; val_WER: 0.05797101557254791
2024-04-22 08:17:47,249 - root - INFO - Epoch 32; loss: 0.22317048907279968; CER: 0.007215007673949003; WER: 0.06168831139802933; val_loss: 0.3085470199584961; val_CER: 0.006441223900765181; val_WER: 0.05797101557254791
2024-04-22 08:18:09,650 - root - INFO - Epoch 33; loss: 0.21829205751419067; CER: 0.006673881784081459; WER: 0.05681818351149559; val_loss: 0.3010908365249634; val_CER: 0.006441223900765181; val_WER: 0.05797101557254791
2024-04-22 08:18:32,895 - root - INFO - Epoch 34; loss: 0.22127221524715424; CER: 0.007395382039248943; WER: 0.06168831139802933; val_loss: 0.23703575134277344; val_CER: 0.006441223900765181; val_WER: 0.05797101557254791
2024-04-22 08:18:55,766 - root - INFO - Epoch 35; loss: 0.202027827501297; CER: 0.0059523810632526875; WER: 0.051948051899671555; val_loss: 0.23685698211193085; val_CER: 0.006441223900765181; val_WER: 0.05797101557254791
2024-04-22 08:19:18,201 - root - INFO - Epoch 36; loss: 0.19456206262111664; CER: 0.006673882715404034; WER: 0.055194806307554245; val_loss: 0.17442786693572998; val_CER: 0.006441223900765181; val_WER: 0.05797101557254791
2024-04-22 08:19:40,369 - root - INFO - Epoch 37; loss: 0.16775605082511902; CER: 0.006132756359875202; WER: 0.0535714291036129; val_loss: 0.24156755208969116; val_CER: 0.006441223900765181; val_WER: 0.05797101557254791
2024-04-22 08:20:02,623 - root - INFO - Epoch 38; loss: 0.22176554799079895; CER: 0.008116884157061577; WER: 0.0714285746216774; val_loss: 0.20438480377197266; val_CER: 0.004830917809158564; val_WER: 0.043478261679410934
2024-04-22 08:20:24,914 - root - INFO - Epoch 39; loss: 0.1560930609703064; CER: 0.006313132122159004; WER: 0.0535714291036129; val_loss: 0.2754180133342743; val_CER: 0.004830917809158564; val_WER: 0.043478261679410934
2024-04-22 08:20:47,799 - root - INFO - Epoch 40; loss: 0.1872079223394394; CER: 0.005591630935668945; WER: 0.048701297491788864; val_loss: 0.2707512080669403; val_CER: 0.006441223900765181; val_WER: 0.05797101557254791
2024-04-22 08:21:10,347 - root - INFO - Epoch 41; loss: 0.18553583323955536; CER: 0.006313131656497717; WER: 0.055194806307554245; val_loss: 0.18570590019226074; val_CER: 0.004830917809158564; val_WER: 0.043478261679410934
2024-04-22 08:21:32,605 - root - INFO - Epoch 42; loss: 0.18492408096790314; CER: 0.005411255639046431; WER: 0.048701297491788864; val_loss: 0.27419719099998474; val_CER: 0.006441223900765181; val_WER: 0.05797101557254791
2024-04-22 08:21:56,156 - root - INFO - Epoch 43; loss: 0.21011188626289368; CER: 0.007756132632493973; WER: 0.06655844300985336; val_loss: 0.28911861777305603; val_CER: 0.006441223900765181; val_WER: 0.043478261679410934
2024-04-22 08:22:18,284 - root - INFO - Epoch 44; loss: 0.1985509991645813; CER: 0.0063131325878202915; WER: 0.055194806307554245; val_loss: 0.21295607089996338; val_CER: 0.004830917809158564; val_WER: 0.043478261679410934
2024-04-22 08:22:41,701 - root - INFO - Epoch 45; loss: 0.21380560100078583; CER: 0.006493506487458944; WER: 0.05032467469573021; val_loss: 0.274331271648407; val_CER: 0.004830917809158564; val_WER: 0.043478261679410934
2024-04-22 08:23:04,345 - root - INFO - Epoch 46; loss: 0.2245703637599945; CER: 0.00757575873285532; WER: 0.06331168860197067; val_loss: 0.2994292974472046; val_CER: 0.004830917809158564; val_WER: 0.043478261679410934
2024-04-22 08:23:28,735 - root - INFO - Epoch 47; loss: 0.1688235104084015; CER: 0.004870130680501461; WER: 0.04220779240131378; val_loss: 0.26156723499298096; val_CER: 0.004830917809158564; val_WER: 0.043478261679410934
2024-04-22 08:23:50,876 - root - INFO - Epoch 48; loss: 0.17011715471744537; CER: 0.005230880342423916; WER: 0.04383116960525513; val_loss: 0.1686643660068512; val_CER: 0.004830917809158564; val_WER: 0.043478261679410934
2024-04-22 08:24:13,257 - root - INFO - Epoch 49; loss: 0.16949616372585297; CER: 0.005050505977123976; WER: 0.04383116960525513; val_loss: 0.21207693219184875; val_CER: 0.006441223900765181; val_WER: 0.05797101557254791
2024-04-22 08:24:38,368 - root - INFO - Epoch 50; loss: 0.18433451652526855; CER: 0.006854258012026548; WER: 0.05844155699014664; val_loss: 0.28782781958580017; val_CER: 0.004830917809158564; val_WER: 0.043478261679410934
2024-04-22 08:24:40,827 - tf2onnx.tfonnx - INFO - Using tensorflow=2.13.1, onnx=1.14.1, tf2onnx=1.16.1/15c810
2024-04-22 08:24:40,828 - tf2onnx.tfonnx - INFO - Using opset <onnx, 15>
2024-04-22 08:24:40,950 - tf2onnx.tf_utils - INFO - Computed 0 values for constant folding
2024-04-22 08:24:41,261 - tf2onnx.optimizer - INFO - Optimizing ONNX model
2024-04-22 08:24:42,537 - tf2onnx.optimizer - INFO - After optimization: BatchNormalization -18 (18->0), Cast -11 (15->4), Concat -1 (3->2), Const -114 (215->101), Identity -2 (2->0), ReduceProd -2 (2->0), Reshape -10 (13->3), Squeeze -1 (11->10), Transpose -94 (104->10), Unsqueeze -7 (15->8)
2024-04-22 13:05:14,788 - ipykernel.comm - ERROR - No such comm target registered: jupyter.widget.control
2024-04-22 13:05:14,794 - Comm - WARNING - No such comm: ac95553c-73e0-41f7-a857-e0c2ae7ecb9d
2024-04-22 13:05:58,080 - root - INFO - Epoch 0; loss: 0.3194151818752289; CER: 0.01118326187133789; WER: 0.0892857164144516; val_loss: 0.01733577251434326; val_CER: 0.0004866180242970586; val_WER: 0.004379562102258205
2024-04-22 13:06:24,422 - root - INFO - Epoch 1; loss: 0.3064437210559845; CER: 0.00955988559871912; WER: 0.07629869878292084; val_loss: 0.04075866937637329; val_CER: 0.0012976480647921562; val_WER: 0.011678831651806831
2024-04-22 13:06:50,503 - root - INFO - Epoch 2; loss: 0.35895204544067383; CER: 0.012445887550711632; WER: 0.09740259498357773; val_loss: 0.02263636887073517; val_CER: 0.0006488240323960781; val_WER: 0.005839415825903416
2024-04-22 13:07:17,165 - root - INFO - Epoch 3; loss: 0.3878866136074066; CER: 0.013888888992369175; WER: 0.11850649118423462; val_loss: 0.026791399344801903; val_CER: 0.0011354420566931367; val_WER: 0.010218977928161621
2024-04-22 13:07:43,298 - root - INFO - Epoch 4; loss: 0.34291815757751465; CER: 0.012987012974917889; WER: 0.10551948100328445; val_loss: 0.016567304730415344; val_CER: 0.0004866180242970586; val_WER: 0.004379562102258205
2024-04-22 13:08:09,500 - root - INFO - Epoch 5; loss: 0.363589882850647; CER: 0.009379510767757893; WER: 0.08116883039474487; val_loss: 0.03679611161351204; val_CER: 0.0008110300404950976; val_WER: 0.007299270015209913
2024-04-22 13:08:36,961 - root - INFO - Epoch 6; loss: 0.31524577736854553; CER: 0.01118326187133789; WER: 0.09415584057569504; val_loss: 0.01802390068769455; val_CER: 0.00032441201619803905; val_WER: 0.002919707912951708
2024-04-22 13:09:03,376 - root - INFO - Epoch 7; loss: 0.352241575717926; CER: 0.013888887129724026; WER: 0.11688311398029327; val_loss: 0.015814632177352905; val_CER: 0.0004866180242970586; val_WER: 0.004379562102258205
2024-04-22 13:09:30,477 - root - INFO - Epoch 8; loss: 0.2782842516899109; CER: 0.008116885088384151; WER: 0.06980519741773605; val_loss: 0.022093629464507103; val_CER: 0.0006488240323960781; val_WER: 0.005839415825903416
2024-04-22 13:09:57,054 - root - INFO - Epoch 9; loss: 0.3248152434825897; CER: 0.00955988559871912; WER: 0.08279220759868622; val_loss: 0.019516222178936005; val_CER: 0.0008110300404950976; val_WER: 0.005839415825903416
2024-04-22 13:10:24,753 - root - INFO - Epoch 10; loss: 0.3068857192993164; CER: 0.009379508905112743; WER: 0.07954545319080353; val_loss: 0.021067244932055473; val_CER: 0.0008110300404950976; val_WER: 0.005839415825903416
2024-04-22 13:10:51,737 - root - INFO - Epoch 11; loss: 0.374061644077301; CER: 0.011002887040376663; WER: 0.08766233921051025; val_loss: 0.019009355455636978; val_CER: 0.0006488240323960781; val_WER: 0.005839415825903416
2024-04-22 13:11:18,245 - root - INFO - Epoch 12; loss: 0.2683279812335968; CER: 0.010822512209415436; WER: 0.09253247082233429; val_loss: 0.37484779953956604; val_CER: 0.01038118451833725; val_WER: 0.06277371942996979
2024-04-22 13:11:48,068 - root - INFO - Epoch 13; loss: 0.28080981969833374; CER: 0.011363637633621693; WER: 0.09253247082233429; val_loss: 0.15785710513591766; val_CER: 0.004541768226772547; val_WER: 0.03503649681806564
2024-04-22 13:12:36,885 - root - INFO - Epoch 0; loss: 0.2640359699726105; CER: 0.008658008649945259; WER: 0.07467532157897949; val_loss: 0.048130590468645096; val_CER: 0.0019464722136035562; val_WER: 0.01751824840903282
2024-04-22 13:13:04,254 - root - INFO - Epoch 1; loss: 0.30501049757003784; CER: 0.010822510346770287; WER: 0.09415584057569504; val_loss: 0.017351169139146805; val_CER: 0.0006488240323960781; val_WER: 0.005839415825903416
2024-04-22 13:13:31,480 - root - INFO - Epoch 2; loss: 0.26121002435684204; CER: 0.010461760684847832; WER: 0.0892857164144516; val_loss: 0.032448604702949524; val_CER: 0.0009732360485941172; val_WER: 0.00875912420451641
2024-04-22 13:13:58,959 - root - INFO - Epoch 3; loss: 0.2783561944961548; CER: 0.009740259498357773; WER: 0.07954545319080353; val_loss: 0.031110329553484917; val_CER: 0.0004866180242970586; val_WER: 0.004379562102258205
2024-04-22 13:14:25,930 - root - INFO - Epoch 4; loss: 0.2672824561595917; CER: 0.010101011022925377; WER: 0.08279220759868622; val_loss: 0.029980245977640152; val_CER: 0.0008110300404950976; val_WER: 0.007299270015209913
2024-04-22 13:14:52,112 - root - INFO - Epoch 5; loss: 0.2983805537223816; CER: 0.01064213551580906; WER: 0.08603896200656891; val_loss: 0.03038165718317032; val_CER: 0.0009732360485941172; val_WER: 0.00875912420451641
2024-04-22 13:15:18,303 - root - INFO - Epoch 6; loss: 0.285790354013443; CER: 0.010822511278092861; WER: 0.08603896200656891; val_loss: 0.028207169845700264; val_CER: 0.0008110300404950976; val_WER: 0.005839415825903416
2024-04-22 13:15:44,726 - root - INFO - Epoch 7; loss: 0.21588610112667084; CER: 0.0070346323773264885; WER: 0.06006493419408798; val_loss: 0.02380955033004284; val_CER: 0.0009732360485941172; val_WER: 0.00875912420451641
2024-04-22 13:16:12,474 - root - INFO - Epoch 8; loss: 0.2523476183414459; CER: 0.008116884157061577; WER: 0.06980519741773605; val_loss: 0.020400915294885635; val_CER: 0.0008110300404950976; val_WER: 0.005839415825903416
2024-04-22 13:16:38,859 - root - INFO - Epoch 9; loss: 0.24599553644657135; CER: 0.008477633818984032; WER: 0.07305194437503815; val_loss: 0.015356846153736115; val_CER: 0.0004866180242970586; val_WER: 0.002919707912951708
2024-04-22 13:17:05,054 - root - INFO - Epoch 10; loss: 0.2736073136329651; CER: 0.009379508905112743; WER: 0.08116883039474487; val_loss: 0.014256834052503109; val_CER: 0.0004866180242970586; val_WER: 0.004379562102258205
2024-04-22 13:17:31,510 - root - INFO - Epoch 11; loss: 0.21226602792739868; CER: 0.006673881784081459; WER: 0.05681818351149559; val_loss: 0.02842838503420353; val_CER: 0.0006488240323960781; val_WER: 0.005839415825903416
2024-04-22 13:17:57,774 - root - INFO - Epoch 12; loss: 0.24521581828594208; CER: 0.00919913500547409; WER: 0.07792207598686218; val_loss: 0.024467531591653824; val_CER: 0.0006488240323960781; val_WER: 0.005839415825903416
2024-04-22 13:18:24,322 - root - INFO - Epoch 13; loss: 0.22385941445827484; CER: 0.007756133563816547; WER: 0.06493506580591202; val_loss: 0.020105630159378052; val_CER: 0.0004866180242970586; val_WER: 0.004379562102258205
2024-04-22 13:18:50,542 - root - INFO - Epoch 14; loss: 0.2573895752429962; CER: 0.009559884667396545; WER: 0.07467532157897949; val_loss: 0.027869779616594315; val_CER: 0.0012976480647921562; val_WER: 0.010218977928161621
2024-04-22 13:19:17,151 - root - INFO - Epoch 15; loss: 0.2656351327896118; CER: 0.009740260429680347; WER: 0.08441558480262756; val_loss: 0.0317770391702652; val_CER: 0.0008110300404950976; val_WER: 0.007299270015209913
2024-04-22 13:19:43,366 - root - INFO - Epoch 16; loss: 0.19773243367671967; CER: 0.007756134029477835; WER: 0.06493506580591202; val_loss: 0.03264683485031128; val_CER: 0.0011354420566931367; val_WER: 0.00875912420451641
2024-04-22 13:20:09,853 - root - INFO - Epoch 17; loss: 0.1510038673877716; CER: 0.004689754452556372; WER: 0.04220779240131378; val_loss: 0.03763498738408089; val_CER: 0.0011354420566931367; val_WER: 0.010218977928161621
2024-04-22 13:20:37,578 - root - INFO - Epoch 18; loss: 0.1983446180820465; CER: 0.007395382039248943; WER: 0.06493506580591202; val_loss: 0.027975862845778465; val_CER: 0.0009732360485941172; val_WER: 0.00875912420451641
2024-04-22 13:21:06,140 - root - INFO - Epoch 19; loss: 0.3039148151874542; CER: 0.010822511278092861; WER: 0.0892857164144516; val_loss: 0.03812457621097565; val_CER: 0.0009732360485941172; val_WER: 0.00875912420451641
2024-04-22 13:21:33,184 - root - INFO - Epoch 20; loss: 0.22148756682872772; CER: 0.007936508394777775; WER: 0.0714285746216774; val_loss: 0.03171338140964508; val_CER: 0.0008110300404950976; val_WER: 0.007299270015209913
2024-04-22 13:22:01,077 - root - INFO - Epoch 21; loss: 0.20099221169948578; CER: 0.005411255639046431; WER: 0.04220779240131378; val_loss: 0.24610771238803864; val_CER: 0.008759125135838985; val_WER: 0.059854015707969666
2024-04-22 13:22:28,039 - root - INFO - Epoch 22; loss: 0.2134803682565689; CER: 0.007575758267194033; WER: 0.05844155699014664; val_loss: 0.03231536224484444; val_CER: 0.0009732360485941172; val_WER: 0.00875912420451641
2024-04-22 13:22:55,052 - root - INFO - Epoch 23; loss: 0.2333095371723175; CER: 0.007215007673949003; WER: 0.06168831139802933; val_loss: 0.029593873769044876; val_CER: 0.0006488240323960781; val_WER: 0.005839415825903416
2024-04-22 13:23:24,256 - root - INFO - Epoch 24; loss: 0.22885820269584656; CER: 0.006493506487458944; WER: 0.05681818351149559; val_loss: 0.019855471327900887; val_CER: 0.0004866180242970586; val_WER: 0.004379562102258205
2024-04-22 13:23:53,739 - root - INFO - Epoch 25; loss: 0.1838413029909134; CER: 0.006673881784081459; WER: 0.05844155699014664; val_loss: 0.019646108150482178; val_CER: 0.0004866180242970586; val_WER: 0.004379562102258205
2024-04-22 13:24:20,605 - root - INFO - Epoch 26; loss: 0.17559407651424408; CER: 0.004689754918217659; WER: 0.040584415197372437; val_loss: 0.023144962266087532; val_CER: 0.0009732360485941172; val_WER: 0.00875912420451641
2024-04-22 13:24:46,930 - root - INFO - Epoch 27; loss: 0.13103380799293518; CER: 0.005230880342423916; WER: 0.04220779240131378; val_loss: 0.03141574561595917; val_CER: 0.0008110300404950976; val_WER: 0.007299270015209913
2024-04-22 13:25:13,066 - root - INFO - Epoch 28; loss: 0.18065780401229858; CER: 0.004870129749178886; WER: 0.04220779240131378; val_loss: 0.022088585421442986; val_CER: 0.0006488240323960781; val_WER: 0.005839415825903416
2024-04-22 13:25:39,618 - root - INFO - Epoch 29; loss: 0.20581844449043274; CER: 0.006313132122159004; WER: 0.055194806307554245; val_loss: 0.025075823068618774; val_CER: 0.0006488240323960781; val_WER: 0.005839415825903416
2024-04-22 13:26:06,384 - root - INFO - Epoch 30; loss: 0.16216981410980225; CER: 0.004509380087256432; WER: 0.03896103799343109; val_loss: 0.03155544027686119; val_CER: 0.0006488240323960781; val_WER: 0.005839415825903416
2024-04-22 13:26:32,997 - root - INFO - Epoch 31; loss: 0.17699992656707764; CER: 0.005411255639046431; WER: 0.048701297491788864; val_loss: 0.03608838841319084; val_CER: 0.0008110300404950976; val_WER: 0.005839415825903416
2024-04-22 13:26:59,899 - root - INFO - Epoch 32; loss: 0.20511682331562042; CER: 0.006132756359875202; WER: 0.051948051899671555; val_loss: 0.07880493998527527; val_CER: 0.0019464720971882343; val_WER: 0.01605839468538761
2024-04-22 13:27:26,560 - root - INFO - Epoch 33; loss: 0.12861311435699463; CER: 0.0037878791335970163; WER: 0.03246753290295601; val_loss: 0.0957111194729805; val_CER: 0.0025952961295843124; val_WER: 0.020437955856323242
2024-04-22 13:27:53,073 - root - INFO - Epoch 34; loss: 0.1492052674293518; CER: 0.004870129749178886; WER: 0.040584415197372437; val_loss: 0.056471630930900574; val_CER: 0.0017842662055045366; val_WER: 0.014598540030419827
2024-04-22 13:28:20,708 - root - INFO - Epoch 35; loss: 0.1307881623506546; CER: 0.004870130214840174; WER: 0.04383116960525513; val_loss: 0.013315445743501186; val_CER: 0.0006488240323960781; val_WER: 0.005839415825903416
2024-04-22 13:28:49,512 - root - INFO - Epoch 36; loss: 0.150137796998024; CER: 0.005411255639046431; WER: 0.04545454680919647; val_loss: 0.13097719848155975; val_CER: 0.0038929441943764687; val_WER: 0.021897809579968452
2024-04-22 13:29:16,943 - root - INFO - Epoch 37; loss: 0.2225332111120224; CER: 0.007756133563816547; WER: 0.06493506580591202; val_loss: 0.06872112303972244; val_CER: 0.0024330902379006147; val_WER: 0.01605839468538761
2024-04-22 13:29:44,419 - root - INFO - Epoch 38; loss: 0.18010666966438293; CER: 0.006673882715404034; WER: 0.05844155699014664; val_loss: 0.02798960544168949; val_CER: 0.0006488240323960781; val_WER: 0.005839415825903416
2024-04-22 13:30:12,780 - root - INFO - Epoch 39; loss: 0.2107890248298645; CER: 0.0061327568255364895; WER: 0.055194806307554245; val_loss: 0.022653494030237198; val_CER: 0.0006488240323960781; val_WER: 0.004379562102258205
2024-04-22 13:30:40,097 - root - INFO - Epoch 40; loss: 0.19546927511692047; CER: 0.007215007673949003; WER: 0.06331168860197067; val_loss: 0.028551945462822914; val_CER: 0.0006488240323960781; val_WER: 0.005839415825903416
2024-04-22 13:31:07,413 - root - INFO - Epoch 41; loss: 0.12878426909446716; CER: 0.005230881739407778; WER: 0.04707792028784752; val_loss: 0.038352519273757935; val_CER: 0.0009732360485941172; val_WER: 0.00875912420451641
2024-04-22 13:31:34,663 - root - INFO - Epoch 42; loss: 0.13044559955596924; CER: 0.003968254197388887; WER: 0.034090910106897354; val_loss: 0.03263692185282707; val_CER: 0.0006488240323960781; val_WER: 0.005839415825903416
2024-04-22 13:32:02,071 - root - INFO - Epoch 43; loss: 0.13602590560913086; CER: 0.004329004790633917; WER: 0.0357142873108387; val_loss: 0.03391224145889282; val_CER: 0.0004866180242970586; val_WER: 0.004379562102258205
2024-04-22 13:32:29,574 - root - INFO - Epoch 44; loss: 0.14514197409152985; CER: 0.0059523810632526875; WER: 0.051948051899671555; val_loss: 0.035806406289339066; val_CER: 0.0004866180242970586; val_WER: 0.004379562102258205
2024-04-22 13:32:57,200 - root - INFO - Epoch 45; loss: 0.16023699939250946; CER: 0.004689754918217659; WER: 0.040584415197372437; val_loss: 0.03716855123639107; val_CER: 0.0006488240323960781; val_WER: 0.005839415825903416
2024-04-22 13:33:24,669 - root - INFO - Epoch 46; loss: 0.19052398204803467; CER: 0.006854258012026548; WER: 0.05844155699014664; val_loss: 0.030970389023423195; val_CER: 0.0008110300404950976; val_WER: 0.007299270015209913
2024-04-22 13:33:52,437 - root - INFO - Epoch 47; loss: 0.1469738930463791; CER: 0.004509379621595144; WER: 0.0357142873108387; val_loss: 0.025939621031284332; val_CER: 0.0004866180242970586; val_WER: 0.004379562102258205
2024-04-22 13:34:21,371 - root - INFO - Epoch 48; loss: 0.13642574846744537; CER: 0.005230880342423916; WER: 0.04707792028784752; val_loss: 0.02731781266629696; val_CER: 0.0004866180242970586; val_WER: 0.004379562102258205
2024-04-22 13:34:49,404 - root - INFO - Epoch 49; loss: 0.12403376400470734; CER: 0.004689754918217659; WER: 0.04220779240131378; val_loss: 0.03321635723114014; val_CER: 0.0008110300404950976; val_WER: 0.007299270015209913
2024-04-22 13:35:17,024 - root - INFO - Epoch 50; loss: 0.12624405324459076; CER: 0.004509380087256432; WER: 0.040584415197372437; val_loss: 0.028859412297606468; val_CER: 0.0004866180242970586; val_WER: 0.004379562102258205
2024-04-22 13:35:44,323 - root - INFO - Epoch 51; loss: 0.1705390214920044; CER: 0.005952381528913975; WER: 0.051948051899671555; val_loss: 0.03220122307538986; val_CER: 0.0011354420566931367; val_WER: 0.007299270015209913
2024-04-22 13:36:12,900 - root - INFO - Epoch 52; loss: 0.19207392632961273; CER: 0.005772005766630173; WER: 0.04545454680919647; val_loss: 0.04560289531946182; val_CER: 0.0009732360485941172; val_WER: 0.007299270015209913
2024-04-22 13:36:40,674 - root - INFO - Epoch 53; loss: 0.16774915158748627; CER: 0.006132756359875202; WER: 0.051948051899671555; val_loss: 0.024025334045290947; val_CER: 0.0006488240323960781; val_WER: 0.005839415825903416
2024-04-22 13:36:42,582 - tf2onnx.tfonnx - INFO - Using tensorflow=2.13.1, onnx=1.14.1, tf2onnx=1.16.1/15c810
2024-04-22 13:36:42,582 - tf2onnx.tfonnx - INFO - Using opset <onnx, 15>
2024-04-22 13:36:42,700 - tf2onnx.tf_utils - INFO - Computed 0 values for constant folding
2024-04-22 13:36:42,942 - tf2onnx.optimizer - INFO - Optimizing ONNX model
2024-04-22 13:36:49,833 - tf2onnx.optimizer - INFO - After optimization: BatchNormalization -18 (18->0), Cast -11 (15->4), Concat -1 (3->2), Const -114 (215->101), Identity -2 (2->0), ReduceProd -2 (2->0), Reshape -10 (13->3), Squeeze -1 (11->10), Transpose -94 (104->10), Unsqueeze -7 (15->8)
2024-04-22 13:52:11,081 - DataProvider - INFO - Skipping Dataset validation...
2024-04-22 13:53:43,889 - root - INFO - Epoch 0; loss: 0.2876371145248413; CER: 0.010056772269308567; WER: 0.08613138645887375; val_loss: 0.028198495507240295; val_CER: 0.0011354420566931367; val_WER: 0.00875912420451641
2024-04-22 13:54:12,919 - root - INFO - Epoch 1; loss: 0.3017430305480957; CER: 0.010705596767365932; WER: 0.08613138645887375; val_loss: 0.010174877010285854; val_CER: 0.00016220600809901953; val_WER: 0.001459853956475854
2024-04-22 13:54:41,716 - root - INFO - Epoch 2; loss: 0.33612486720085144; CER: 0.011841039173305035; WER: 0.10364963859319687; val_loss: 0.011240542866289616; val_CER: 0.00032441201619803905; val_WER: 0.002919707912951708
2024-04-22 13:55:10,569 - root - INFO - Epoch 3; loss: 0.2883452773094177; CER: 0.010543391108512878; WER: 0.08029197156429291; val_loss: 0.010511861182749271; val_CER: 0.00032441201619803905; val_WER: 0.002919707912951708
2024-04-22 13:55:40,395 - root - INFO - Epoch 4; loss: 0.264693021774292; CER: 0.01038118451833725; WER: 0.08759123831987381; val_loss: 0.01739783212542534; val_CER: 0.0008110300404950976; val_WER: 0.007299270015209913
2024-04-22 13:56:10,530 - root - INFO - Epoch 5; loss: 0.2519693970680237; CER: 0.008759125135838985; WER: 0.07299269735813141; val_loss: 0.00611441396176815; val_CER: 0.00016220600809901953; val_WER: 0.001459853956475854
2024-04-22 13:56:40,213 - root - INFO - Epoch 6; loss: 0.24389784038066864; CER: 0.008596917614340782; WER: 0.07153284549713135; val_loss: 0.009991898201406002; val_CER: 0.00032441201619803905; val_WER: 0.002919707912951708
2024-04-22 13:57:09,621 - root - INFO - Epoch 7; loss: 0.19613629579544067; CER: 0.0069748591631650925; WER: 0.058394160121679306; val_loss: 0.004164142534136772; val_CER: 0.0; val_WER: 0.0
2024-04-22 13:57:39,387 - root - INFO - Epoch 8; loss: 0.2562274932861328; CER: 0.00811030063778162; WER: 0.07007299363613129; val_loss: 0.005227261688560247; val_CER: 0.00016220600809901953; val_WER: 0.001459853956475854
2024-04-22 13:58:08,855 - root - INFO - Epoch 9; loss: 0.2599550485610962; CER: 0.008596918545663357; WER: 0.07153284549713135; val_loss: 0.006819481961429119; val_CER: 0.00016220600809901953; val_WER: 0.001459853956475854
2024-04-22 13:58:39,399 - root - INFO - Epoch 10; loss: 0.2583463490009308; CER: 0.008272506296634674; WER: 0.07153284549713135; val_loss: 0.014287306927144527; val_CER: 0.0004866180242970586; val_WER: 0.004379562102258205
2024-04-22 13:59:09,834 - root - INFO - Epoch 11; loss: 0.3524419963359833; CER: 0.01119221467524767; WER: 0.09343065321445465; val_loss: 0.01292052585631609; val_CER: 0.0008110300404950976; val_WER: 0.007299270015209913
2024-04-22 13:59:39,853 - root - INFO - Epoch 12; loss: 0.33805498480796814; CER: 0.012327655218541622; WER: 0.10656934231519699; val_loss: 0.05058615654706955; val_CER: 0.001459853956475854; val_WER: 0.011678831651806831
2024-04-22 14:00:09,818 - root - INFO - Epoch 13; loss: 0.28270071744918823; CER: 0.010056772269308567; WER: 0.08175182342529297; val_loss: 0.005366682540625334; val_CER: 0.00016220600809901953; val_WER: 0.001459853956475854
2024-04-22 14:00:39,402 - root - INFO - Epoch 14; loss: 0.22799205780029297; CER: 0.006812652572989464; WER: 0.056934308260679245; val_loss: 0.008239188231527805; val_CER: 0.00016220600809901953; val_WER: 0.001459853956475854
2024-04-22 14:01:09,469 - root - INFO - Epoch 15; loss: 0.2575824558734894; CER: 0.008434711955487728; WER: 0.07445255666971207; val_loss: 0.0047979941591620445; val_CER: 0.0; val_WER: 0.0
2024-04-22 14:01:39,560 - root - INFO - Epoch 16; loss: 0.18582966923713684; CER: 0.006326035130769014; WER: 0.055474452674388885; val_loss: 0.004958034493029118; val_CER: 0.0; val_WER: 0.0
2024-04-22 14:02:09,082 - root - INFO - Epoch 17; loss: 0.31564557552337646; CER: 0.01119221467524767; WER: 0.09197080135345459; val_loss: 0.004257694352418184; val_CER: 0.0; val_WER: 0.0
2024-04-22 14:02:38,948 - root - INFO - Epoch 18; loss: 0.2730931043624878; CER: 0.008596918545663357; WER: 0.07153284549713135; val_loss: 0.004613591358065605; val_CER: 0.00016220600809901953; val_WER: 0.001459853956475854
2024-04-22 14:03:13,215 - root - INFO - Epoch 19; loss: 0.28982022404670715; CER: 0.00957015436142683; WER: 0.08467153459787369; val_loss: 0.007523710839450359; val_CER: 0.00032441201619803905; val_WER: 0.002919707912951708
2024-04-22 14:03:44,178 - root - INFO - Epoch 20; loss: 0.23854070901870728; CER: 0.008434712886810303; WER: 0.06861314177513123; val_loss: 0.004024580121040344; val_CER: 0.0; val_WER: 0.0
2024-04-22 14:04:14,293 - root - INFO - Epoch 21; loss: 0.23997196555137634; CER: 0.008272506296634674; WER: 0.07299269735813141; val_loss: 0.02656606398522854; val_CER: 0.0008110300404950976; val_WER: 0.007299270015209913
2024-04-22 14:04:44,331 - root - INFO - Epoch 22; loss: 0.18802455067634583; CER: 0.007299271412193775; WER: 0.06277371942996979; val_loss: 0.024208063259720802; val_CER: 0.0006488240323960781; val_WER: 0.005839415825903416
2024-04-22 14:05:15,911 - root - INFO - Epoch 23; loss: 0.20216795802116394; CER: 0.005839415825903416; WER: 0.051094889640808105; val_loss: 0.006781468167901039; val_CER: 0.00016220600809901953; val_WER: 0.001459853956475854
2024-04-22 14:05:47,904 - root - INFO - Epoch 24; loss: 0.16710034012794495; CER: 0.006001621950417757; WER: 0.052554745227098465; val_loss: 0.005397469270974398; val_CER: 0.00016220600809901953; val_WER: 0.001459853956475854
2024-04-22 14:06:20,295 - root - INFO - Epoch 25; loss: 0.19876356422901154; CER: 0.006001621950417757; WER: 0.051094889640808105; val_loss: 0.0065069254487752914; val_CER: 0.00016220600809901953; val_WER: 0.001459853956475854
2024-04-22 14:06:53,907 - root - INFO - Epoch 26; loss: 0.23988564312458038; CER: 0.008272506296634674; WER: 0.06715328246355057; val_loss: 0.004567007068544626; val_CER: 0.00016220600809901953; val_WER: 0.001459853956475854
2024-04-22 14:07:27,633 - root - INFO - Epoch 27; loss: 0.15164141356945038; CER: 0.004541768226772547; WER: 0.040875911712646484; val_loss: 0.004183346871286631; val_CER: 0.00016220600809901953; val_WER: 0.001459853956475854
2024-04-22 14:07:57,874 - root - INFO - Epoch 28; loss: 0.16279727220535278; CER: 0.00583941675722599; WER: 0.048175182193517685; val_loss: 0.0022401330061256886; val_CER: 0.0; val_WER: 0.0
2024-04-22 14:08:27,660 - root - INFO - Epoch 29; loss: 0.1741793155670166; CER: 0.007461476139724255; WER: 0.06423357874155045; val_loss: 0.0040757968090474606; val_CER: 0.0; val_WER: 0.0
2024-04-22 14:08:57,684 - root - INFO - Epoch 30; loss: 0.18574151396751404; CER: 0.0050283861346542835; WER: 0.045255474746227264; val_loss: 0.006075974553823471; val_CER: 0.00032441201619803905; val_WER: 0.002919707912951708
2024-04-22 14:09:27,285 - root - INFO - Epoch 31; loss: 0.13723783195018768; CER: 0.004217356443405151; WER: 0.037956204265356064; val_loss: 0.0031456081196665764; val_CER: 0.00016220600809901953; val_WER: 0.001459853956475854
2024-04-22 14:09:56,587 - root - INFO - Epoch 32; loss: 0.12045828253030777; CER: 0.003406326286494732; WER: 0.029197080060839653; val_loss: 0.002225965727120638; val_CER: 0.0; val_WER: 0.0
2024-04-22 14:10:26,075 - root - INFO - Epoch 33; loss: 0.1412520855665207; CER: 0.0048661804758012295; WER: 0.042335767298936844; val_loss: 0.0037632621824741364; val_CER: 0.00016220600809901953; val_WER: 0.001459853956475854
2024-04-22 14:10:57,872 - root - INFO - Epoch 34; loss: 0.12656691670417786; CER: 0.004217356443405151; WER: 0.037956204265356064; val_loss: 0.005024045240134001; val_CER: 0.00016220600809901953; val_WER: 0.001459853956475854
2024-04-22 14:11:28,330 - root - INFO - Epoch 35; loss: 0.14398321509361267; CER: 0.004703974351286888; WER: 0.03941605985164642; val_loss: 0.006062472239136696; val_CER: 0.00032441201619803905; val_WER: 0.002919707912951708
2024-04-22 14:11:58,333 - root - INFO - Epoch 36; loss: 0.18012383580207825; CER: 0.007299270946532488; WER: 0.06423357874155045; val_loss: 0.008268201723694801; val_CER: 0.0006488240323960781; val_WER: 0.005839415825903416
2024-04-22 14:12:28,224 - root - INFO - Epoch 37; loss: 0.1983249932527542; CER: 0.007299270015209913; WER: 0.06131386756896973; val_loss: 0.019835103303194046; val_CER: 0.0009732360485941172; val_WER: 0.005839415825903416
2024-04-22 14:12:57,640 - root - INFO - Epoch 38; loss: 0.1794324815273285; CER: 0.006326035130769014; WER: 0.054014597088098526; val_loss: 0.004150210879743099; val_CER: 0.00016220600809901953; val_WER: 0.001459853956475854
2024-04-22 14:13:27,785 - root - INFO - Epoch 39; loss: 0.1385997235774994; CER: 0.00551500404253602; WER: 0.048175182193517685; val_loss: 0.0033334828913211823; val_CER: 0.00016220600809901953; val_WER: 0.001459853956475854
2024-04-22 14:13:58,038 - root - INFO - Epoch 40; loss: 0.13466818630695343; CER: 0.004217356443405151; WER: 0.03503649681806564; val_loss: 0.0015192334540188313; val_CER: 0.0; val_WER: 0.0
2024-04-22 14:14:27,794 - root - INFO - Epoch 41; loss: 0.171002596616745; CER: 0.005352798383682966; WER: 0.043795619159936905; val_loss: 0.002017952734604478; val_CER: 0.0; val_WER: 0.0
2024-04-22 14:14:58,724 - root - INFO - Epoch 42; loss: 0.18130604922771454; CER: 0.006001622881740332; WER: 0.049635037779808044; val_loss: 0.002131490269675851; val_CER: 0.0; val_WER: 0.0
2024-04-22 14:15:28,337 - root - INFO - Epoch 43; loss: 0.10369553416967392; CER: 0.0034063265193253756; WER: 0.027737226337194443; val_loss: 0.001428190036676824; val_CER: 0.0; val_WER: 0.0
2024-04-22 14:15:58,052 - root - INFO - Epoch 44; loss: 0.13391494750976562; CER: 0.004703974351286888; WER: 0.040875911712646484; val_loss: 0.00855943001806736; val_CER: 0.00032441201619803905; val_WER: 0.002919707912951708
2024-04-22 14:16:28,129 - root - INFO - Epoch 45; loss: 0.12799012660980225; CER: 0.004541768692433834; WER: 0.036496348679065704; val_loss: 0.0024543770123273134; val_CER: 0.00016220600809901953; val_WER: 0.001459853956475854
2024-04-22 14:16:58,212 - root - INFO - Epoch 46; loss: 0.15931439399719238; CER: 0.006001621950417757; WER: 0.052554745227098465; val_loss: 0.004430295899510384; val_CER: 0.0; val_WER: 0.0
2024-04-22 14:17:28,789 - root - INFO - Epoch 47; loss: 0.20281358063220978; CER: 0.006812652572989464; WER: 0.058394160121679306; val_loss: 0.0030661416240036488; val_CER: 0.0; val_WER: 0.0
2024-04-22 14:17:58,736 - root - INFO - Epoch 48; loss: 0.1594492793083191; CER: 0.005190592724829912; WER: 0.046715326607227325; val_loss: 0.008303911425173283; val_CER: 0.0006488240323960781; val_WER: 0.005839415825903416
2024-04-22 14:18:28,801 - root - INFO - Epoch 49; loss: 0.1787271946668625; CER: 0.0066504464484751225; WER: 0.058394160121679306; val_loss: 0.013201083056628704; val_CER: 0.0008110300404950976; val_WER: 0.007299270015209913
2024-04-22 14:19:00,786 - root - INFO - Epoch 50; loss: 0.15693262219429016; CER: 0.004703974351286888; WER: 0.040875911712646484; val_loss: 0.17105811834335327; val_CER: 0.0025952961295843124; val_WER: 0.010218977928161621
2024-04-22 14:19:31,508 - root - INFO - Epoch 51; loss: 0.11329841613769531; CER: 0.0032441201619803905; WER: 0.027737226337194443; val_loss: 0.07777128368616104; val_CER: 0.0012976480647921562; val_WER: 0.005839415825903416
2024-04-22 14:20:01,440 - root - INFO - Epoch 52; loss: 0.1041496992111206; CER: 0.0032441201619803905; WER: 0.029197080060839653; val_loss: 0.0031494037248194218; val_CER: 0.00016220600809901953; val_WER: 0.001459853956475854
2024-04-22 14:20:31,895 - root - INFO - Epoch 53; loss: 0.12180840969085693; CER: 0.0037307385355234146; WER: 0.033576641231775284; val_loss: 0.0016548886196687818; val_CER: 0.0; val_WER: 0.0
2024-04-22 14:21:01,938 - root - INFO - Epoch 54; loss: 0.09771334379911423; CER: 0.002919707912951708; WER: 0.026277372613549232; val_loss: 0.0017106396844610572; val_CER: 0.00016220600809901953; val_WER: 0.001459853956475854
2024-04-22 14:21:32,254 - root - INFO - Epoch 55; loss: 0.10808995366096497; CER: 0.003568532643839717; WER: 0.029197080060839653; val_loss: 0.0010831226827576756; val_CER: 0.0; val_WER: 0.0
2024-04-22 14:22:03,235 - root - INFO - Epoch 56; loss: 0.08907324820756912; CER: 0.003406326286494732; WER: 0.029197080060839653; val_loss: 0.0012690542498603463; val_CER: 0.0; val_WER: 0.0
2024-04-22 14:22:34,122 - root - INFO - Epoch 57; loss: 0.11952949315309525; CER: 0.0032441201619803905; WER: 0.029197080060839653; val_loss: 0.0012403071159496903; val_CER: 0.0; val_WER: 0.0
2024-04-22 14:22:36,419 - tf2onnx.tfonnx - INFO - Using tensorflow=2.13.1, onnx=1.14.1, tf2onnx=1.16.1/15c810
2024-04-22 14:22:36,420 - tf2onnx.tfonnx - INFO - Using opset <onnx, 15>
2024-04-22 14:22:36,532 - tf2onnx.tf_utils - INFO - Computed 0 values for constant folding
2024-04-22 14:22:36,798 - tf2onnx.optimizer - INFO - Optimizing ONNX model
2024-04-22 14:22:38,133 - tf2onnx.optimizer - INFO - After optimization: BatchNormalization -18 (18->0), Cast -11 (15->4), Concat -1 (3->2), Const -114 (215->101), Identity -2 (2->0), ReduceProd -2 (2->0), Reshape -10 (13->3), Squeeze -1 (11->10), Transpose -94 (104->10), Unsqueeze -7 (15->8)
2024-04-22 14:29:53,636 - DataProvider - INFO - Skipping Dataset validation...
2024-04-22 14:30:55,432 - root - INFO - Epoch 0; loss: 0.2597510516643524; CER: 0.008596918545663357; WER: 0.07007299363613129; val_loss: 0.006974670570343733; val_CER: 0.00016220600809901953; val_WER: 0.001459853956475854
2024-04-22 14:31:25,476 - root - INFO - Epoch 1; loss: 0.3187389373779297; CER: 0.011678831651806831; WER: 0.09927007555961609; val_loss: 0.008958584628999233; val_CER: 0.00016220600809901953; val_WER: 0.001459853956475854
2024-04-22 14:31:55,306 - root - INFO - Epoch 2; loss: 0.30721601843833923; CER: 0.010705596767365932; WER: 0.09197080135345459; val_loss: 0.026018423959612846; val_CER: 0.0008110300404950976; val_WER: 0.007299270015209913
2024-04-22 14:32:25,394 - root - INFO - Epoch 3; loss: 0.31030040979385376; CER: 0.010705596767365932; WER: 0.08905109763145447; val_loss: 0.012681575492024422; val_CER: 0.00016220600809901953; val_WER: 0.001459853956475854
2024-04-22 14:32:55,811 - root - INFO - Epoch 4; loss: 0.2810555696487427; CER: 0.009732361882925034; WER: 0.08467153459787369; val_loss: 0.022835643962025642; val_CER: 0.0009732360485941172; val_WER: 0.00875912420451641
2024-04-22 14:33:25,799 - root - INFO - Epoch 5; loss: 0.24523469805717468; CER: 0.008434712886810303; WER: 0.07007299363613129; val_loss: 0.013242196291685104; val_CER: 0.0004866180242970586; val_WER: 0.004379562102258205
2024-04-22 14:33:56,165 - root - INFO - Epoch 6; loss: 0.21026763319969177; CER: 0.0069748591631650925; WER: 0.06131386756896973; val_loss: 0.05833983048796654; val_CER: 0.0021086782217025757; val_WER: 0.018978102132678032
2024-04-22 14:34:26,495 - root - INFO - Epoch 7; loss: 0.22436396777629852; CER: 0.007785888854414225; WER: 0.06131386756896973; val_loss: 0.01349675003439188; val_CER: 0.0004866180242970586; val_WER: 0.004379562102258205
2024-04-22 14:34:56,349 - root - INFO - Epoch 8; loss: 0.25918927788734436; CER: 0.007948094978928566; WER: 0.06423357874155045; val_loss: 0.012503565289080143; val_CER: 0.00032441201619803905; val_WER: 0.002919707912951708
2024-04-22 14:35:27,316 - root - INFO - Epoch 9; loss: 0.32640236616134644; CER: 0.012003245763480663; WER: 0.09927007555961609; val_loss: 0.006993837654590607; val_CER: 0.0; val_WER: 0.0
2024-04-22 14:35:57,266 - root - INFO - Epoch 10; loss: 0.24646201729774475; CER: 0.008921331726014614; WER: 0.08029197156429291; val_loss: 0.01085659209638834; val_CER: 0.00016220600809901953; val_WER: 0.001459853956475854
2024-04-22 14:36:27,440 - root - INFO - Epoch 11; loss: 0.259044349193573; CER: 0.009732360951602459; WER: 0.07737226039171219; val_loss: 0.010973365977406502; val_CER: 0.0004866180242970586; val_WER: 0.004379562102258205
2024-04-22 14:36:58,019 - root - INFO - Epoch 12; loss: 0.20253247022628784; CER: 0.007623682729899883; WER: 0.0656934306025505; val_loss: 0.01029744278639555; val_CER: 0.0004866180242970586; val_WER: 0.004379562102258205
2024-04-22 14:37:28,406 - root - INFO - Epoch 13; loss: 0.264626681804657; CER: 0.008596919476985931; WER: 0.07007299363613129; val_loss: 0.005698922090232372; val_CER: 0.00032441201619803905; val_WER: 0.002919707912951708
2024-04-22 14:37:58,517 - root - INFO - Epoch 14; loss: 0.3369348645210266; CER: 0.01167883351445198; WER: 0.09635036438703537; val_loss: 0.01996367983520031; val_CER: 0.0004866180242970586; val_WER: 0.004379562102258205
2024-04-22 14:38:28,885 - root - INFO - Epoch 15; loss: 0.24572795629501343; CER: 0.008434712886810303; WER: 0.07299269735813141; val_loss: 0.008555146865546703; val_CER: 0.0004866180242970586; val_WER: 0.004379562102258205
2024-04-22 14:38:59,833 - root - INFO - Epoch 16; loss: 0.22295443713665009; CER: 0.007461477071046829; WER: 0.0656934306025505; val_loss: 0.004156969487667084; val_CER: 0.0; val_WER: 0.0
2024-04-22 14:39:30,551 - root - INFO - Epoch 17; loss: 0.19391947984695435; CER: 0.006001621950417757; WER: 0.049635037779808044; val_loss: 0.007370488718152046; val_CER: 0.00032441201619803905; val_WER: 0.002919707912951708
2024-04-22 14:40:01,648 - root - INFO - Epoch 18; loss: 0.17125575244426727; CER: 0.005839415825903416; WER: 0.049635037779808044; val_loss: 0.004152574110776186; val_CER: 0.0; val_WER: 0.0
2024-04-22 14:40:32,379 - root - INFO - Epoch 19; loss: 0.1302977353334427; CER: 0.0030819145031273365; WER: 0.027737226337194443; val_loss: 0.005916929803788662; val_CER: 0.0; val_WER: 0.0
2024-04-22 14:41:03,840 - root - INFO - Epoch 20; loss: 0.17248572409152985; CER: 0.006488241255283356; WER: 0.056934308260679245; val_loss: 0.005177055951207876; val_CER: 0.0004866180242970586; val_WER: 0.004379562102258205
2024-04-22 14:41:34,449 - root - INFO - Epoch 21; loss: 0.17601315677165985; CER: 0.006163829006254673; WER: 0.052554745227098465; val_loss: 0.003748818999156356; val_CER: 0.0; val_WER: 0.0
2024-04-22 14:42:05,921 - root - INFO - Epoch 22; loss: 0.22985565662384033; CER: 0.008596920408308506; WER: 0.07445255666971207; val_loss: 0.008119126781821251; val_CER: 0.00032441201619803905; val_WER: 0.002919707912951708
2024-04-22 14:42:38,488 - root - INFO - Epoch 23; loss: 0.2465493083000183; CER: 0.008110301569104195; WER: 0.0656934306025505; val_loss: 0.010533856227993965; val_CER: 0.00016220600809901953; val_WER: 0.001459853956475854
2024-04-22 14:43:09,311 - root - INFO - Epoch 24; loss: 0.2048899382352829; CER: 0.006650447379797697; WER: 0.058394160121679306; val_loss: 0.006026058457791805; val_CER: 0.00016220600809901953; val_WER: 0.001459853956475854
2024-04-22 14:49:22,266 - root - INFO - Epoch 25; loss: 0.1452898383140564; CER: 0.0038929448928683996; WER: 0.03503649681806564; val_loss: 0.00435788044705987; val_CER: 0.00016220600809901953; val_WER: 0.001459853956475854
2024-04-22 14:49:59,772 - root - INFO - Epoch 26; loss: 0.14621829986572266; CER: 0.0048661804758012295; WER: 0.040875911712646484; val_loss: 0.003183314809575677; val_CER: 0.0; val_WER: 0.0
2024-04-22 14:50:32,871 - root - INFO - Epoch 27; loss: 0.16473346948623657; CER: 0.006488240323960781; WER: 0.058394160121679306; val_loss: 0.008488720282912254; val_CER: 0.00016220600809901953; val_WER: 0.001459853956475854
2024-04-22 14:51:04,823 - root - INFO - Epoch 28; loss: 0.22221125662326813; CER: 0.006812653038650751; WER: 0.056934308260679245; val_loss: 0.003631841391324997; val_CER: 0.0; val_WER: 0.0
2024-04-22 14:51:37,599 - root - INFO - Epoch 29; loss: 0.17003092169761658; CER: 0.00583941675722599; WER: 0.052554745227098465; val_loss: 0.005141259636729956; val_CER: 0.00016220600809901953; val_WER: 0.001459853956475854
2024-04-22 14:51:41,501 - tf2onnx.tfonnx - INFO - Using tensorflow=2.13.1, onnx=1.14.1, tf2onnx=1.16.1/15c810
2024-04-22 14:51:41,502 - tf2onnx.tfonnx - INFO - Using opset <onnx, 15>
2024-04-22 14:51:41,668 - tf2onnx.tf_utils - INFO - Computed 0 values for constant folding
2024-04-22 14:51:42,063 - tf2onnx.optimizer - INFO - Optimizing ONNX model
2024-04-22 14:51:43,616 - tf2onnx.optimizer - INFO - After optimization: BatchNormalization -18 (18->0), Cast -11 (15->4), Concat -1 (3->2), Const -114 (215->101), Identity -2 (2->0), ReduceProd -2 (2->0), Reshape -10 (13->3), Squeeze -1 (11->10), Transpose -94 (104->10), Unsqueeze -7 (15->8)
2024-04-22 14:51:43,690 - ipykernel.comm - ERROR - No such comm target registered: jupyter.widget.control
2024-04-22 14:51:43,699 - Comm - WARNING - No such comm: 46fda187-1774-4bf7-ac85-3da33456ad19
2024-04-22 14:56:11,452 - root - INFO - Epoch 0; loss: 0.2930755019187927; CER: 0.00957015622407198; WER: 0.08321167528629303; val_loss: 0.01663764752447605; val_CER: 0.00032441201619803905; val_WER: 0.002919707912951708
2024-04-22 14:56:40,705 - root - INFO - Epoch 1; loss: 0.22617895901203156; CER: 0.008110301569104195; WER: 0.06423357874155045; val_loss: 0.006036050617694855; val_CER: 0.00016220600809901953; val_WER: 0.001459853956475854
2024-04-22 14:57:09,579 - root - INFO - Epoch 2; loss: 0.2286120504140854; CER: 0.008272507227957249; WER: 0.07153284549713135; val_loss: 0.006873717065900564; val_CER: 0.0; val_WER: 0.0
2024-04-22 14:57:39,671 - root - INFO - Epoch 3; loss: 0.21895469725131989; CER: 0.006974858697503805; WER: 0.059854015707969666; val_loss: 0.005882111378014088; val_CER: 0.00016220600809901953; val_WER: 0.001459853956475854
2024-04-22 14:58:09,348 - root - INFO - Epoch 4; loss: 0.18639300763607025; CER: 0.006326035130769014; WER: 0.052554745227098465; val_loss: 0.0073957317508757114; val_CER: 0.00032441201619803905; val_WER: 0.002919707912951708
2024-04-22 14:58:39,160 - root - INFO - Epoch 5; loss: 0.23510748147964478; CER: 0.007623682729899883; WER: 0.06715328246355057; val_loss: 0.005111594218760729; val_CER: 0.00016220600809901953; val_WER: 0.001459853956475854
2024-04-22 14:59:09,757 - root - INFO - Epoch 6; loss: 0.20553484559059143; CER: 0.007785888854414225; WER: 0.07007299363613129; val_loss: 0.0038457864429801702; val_CER: 0.00016220600809901953; val_WER: 0.001459853956475854
2024-04-22 14:59:40,654 - root - INFO - Epoch 7; loss: 0.16453410685062408; CER: 0.0053527988493442535; WER: 0.048175182193517685; val_loss: 0.00502599123865366; val_CER: 0.00016220600809901953; val_WER: 0.001459853956475854
2024-04-22 15:00:11,593 - root - INFO - Epoch 8; loss: 0.19679756462574005; CER: 0.005677210632711649; WER: 0.049635037779808044; val_loss: 0.006646850146353245; val_CER: 0.00016220600809901953; val_WER: 0.001459853956475854
2024-04-22 15:00:42,253 - root - INFO - Epoch 9; loss: 0.17769518494606018; CER: 0.005028387065976858; WER: 0.040875911712646484; val_loss: 0.0030587357468903065; val_CER: 0.0; val_WER: 0.0
2024-04-22 15:01:12,498 - root - INFO - Epoch 10; loss: 0.15031889081001282; CER: 0.005515004508197308; WER: 0.048175182193517685; val_loss: 0.005550658795982599; val_CER: 0.00016220600809901953; val_WER: 0.001459853956475854
2024-04-22 15:01:42,964 - root - INFO - Epoch 11; loss: 0.17701154947280884; CER: 0.0069748591631650925; WER: 0.058394160121679306; val_loss: 0.0026096347719430923; val_CER: 0.00016220600809901953; val_WER: 0.001459853956475854
2024-04-22 15:02:14,060 - root - INFO - Epoch 12; loss: 0.18710537254810333; CER: 0.006163829006254673; WER: 0.055474452674388885; val_loss: 0.003160314168781042; val_CER: 0.00016220600809901953; val_WER: 0.001459853956475854
2024-04-22 15:02:44,659 - root - INFO - Epoch 13; loss: 0.14303338527679443; CER: 0.004379562567919493; WER: 0.03941605985164642; val_loss: 0.004173242021352053; val_CER: 0.00016220600809901953; val_WER: 0.001459853956475854
2024-04-22 15:03:15,993 - root - INFO - Epoch 14; loss: 0.19283601641654968; CER: 0.006163828074932098; WER: 0.052554745227098465; val_loss: 0.0038677987176924944; val_CER: 0.00016220600809901953; val_WER: 0.001459853956475854
2024-04-22 15:03:46,997 - root - INFO - Epoch 15; loss: 0.2421763688325882; CER: 0.00794809591025114; WER: 0.06861314177513123; val_loss: 0.0065053836442530155; val_CER: 0.00016220600809901953; val_WER: 0.001459853956475854
2024-04-22 15:04:18,606 - root - INFO - Epoch 16; loss: 0.1954607367515564; CER: 0.006974858697503805; WER: 0.058394160121679306; val_loss: 0.004467981867492199; val_CER: 0.00032441201619803905; val_WER: 0.002919707912951708
2024-04-22 15:04:50,005 - root - INFO - Epoch 17; loss: 0.1941147893667221; CER: 0.006163828074932098; WER: 0.051094889640808105; val_loss: 0.00386222405359149; val_CER: 0.00016220600809901953; val_WER: 0.001459853956475854
2024-04-22 15:05:21,921 - root - INFO - Epoch 18; loss: 0.14500097930431366; CER: 0.005515004508197308; WER: 0.049635037779808044; val_loss: 0.0065401215106248856; val_CER: 0.00032441201619803905; val_WER: 0.002919707912951708
2024-04-22 15:05:54,239 - root - INFO - Epoch 19; loss: 0.17727896571159363; CER: 0.0048661804758012295; WER: 0.042335767298936844; val_loss: 0.001994960242882371; val_CER: 0.0; val_WER: 0.0
2024-04-22 15:06:26,189 - root - INFO - Epoch 20; loss: 0.18739144504070282; CER: 0.005677210632711649; WER: 0.046715326607227325; val_loss: 0.002617466961964965; val_CER: 0.00016220600809901953; val_WER: 0.001459853956475854
2024-04-22 15:06:58,287 - root - INFO - Epoch 21; loss: 0.17393001914024353; CER: 0.007623683661222458; WER: 0.06423357874155045; val_loss: 0.002959233010187745; val_CER: 0.0; val_WER: 0.0
2024-04-22 15:07:31,657 - root - INFO - Epoch 22; loss: 0.16152311861515045; CER: 0.005515004973858595; WER: 0.048175182193517685; val_loss: 0.003328528255224228; val_CER: 0.0; val_WER: 0.0
2024-04-22 15:08:04,387 - root - INFO - Epoch 23; loss: 0.11780519038438797; CER: 0.004379562567919493; WER: 0.03941605985164642; val_loss: 0.0020914501510560513; val_CER: 0.0; val_WER: 0.0
2024-04-22 15:08:37,654 - root - INFO - Epoch 24; loss: 0.1500193178653717; CER: 0.005190592259168625; WER: 0.046715326607227325; val_loss: 0.0020202803425490856; val_CER: 0.0; val_WER: 0.0
2024-04-22 15:09:20,192 - root - INFO - Epoch 25; loss: 0.1286543607711792; CER: 0.0037307387683540583; WER: 0.030656933784484863; val_loss: 0.003021183190867305; val_CER: 0.0; val_WER: 0.0
2024-04-22 15:10:04,784 - root - INFO - Epoch 26; loss: 0.12865033745765686; CER: 0.0050283861346542835; WER: 0.042335767298936844; val_loss: 0.0033646670635789633; val_CER: 0.0; val_WER: 0.0
2024-04-22 15:10:50,147 - root - INFO - Epoch 27; loss: 0.13377240300178528; CER: 0.004541768692433834; WER: 0.03941605985164642; val_loss: 0.0016883338103070855; val_CER: 0.0; val_WER: 0.0
2024-04-22 15:12:26,342 - root - INFO - Epoch 28; loss: 0.115470752120018; CER: 0.004379562567919493; WER: 0.036496348679065704; val_loss: 0.003305029356852174; val_CER: 0.0; val_WER: 0.0
2024-04-22 15:12:58,508 - root - INFO - Epoch 29; loss: 0.13322663307189941; CER: 0.004541768692433834; WER: 0.040875911712646484; val_loss: 0.0019364426843822002; val_CER: 0.0; val_WER: 0.0
2024-04-22 15:13:06,885 - tf2onnx.tfonnx - INFO - Using tensorflow=2.13.1, onnx=1.14.1, tf2onnx=1.16.1/15c810
2024-04-22 15:13:06,886 - tf2onnx.tfonnx - INFO - Using opset <onnx, 15>
2024-04-22 15:13:07,009 - tf2onnx.tf_utils - INFO - Computed 0 values for constant folding
2024-04-22 15:13:07,293 - tf2onnx.optimizer - INFO - Optimizing ONNX model
2024-04-22 15:13:08,919 - tf2onnx.optimizer - INFO - After optimization: BatchNormalization -18 (18->0), Cast -11 (15->4), Concat -1 (3->2), Const -114 (215->101), Identity -2 (2->0), ReduceProd -2 (2->0), Reshape -10 (13->3), Squeeze -1 (11->10), Transpose -94 (104->10), Unsqueeze -7 (15->8)
2024-04-22 15:13:08,973 - ipykernel.comm - ERROR - No such comm target registered: jupyter.widget.control
2024-04-22 15:13:08,978 - Comm - WARNING - No such comm: c2087d72-6986-4d1b-9134-9931e19bceea
2024-04-22 15:13:55,454 - root - INFO - Epoch 0; loss: 0.12387467920780182; CER: 0.004379562567919493; WER: 0.03941605985164642; val_loss: 0.0029986496083438396; val_CER: 0.0; val_WER: 0.0
2024-04-22 15:14:28,296 - root - INFO - Epoch 1; loss: 0.1260484755039215; CER: 0.00405515031889081; WER: 0.036496348679065704; val_loss: 0.00295597268268466; val_CER: 0.0; val_WER: 0.0
2024-04-22 15:15:00,969 - root - INFO - Epoch 2; loss: 0.1430579125881195; CER: 0.0048661804758012295; WER: 0.03941605985164642; val_loss: 0.0033347017597407103; val_CER: 0.0; val_WER: 0.0
2024-04-22 15:15:33,933 - root - INFO - Epoch 3; loss: 0.1583372950553894; CER: 0.006488241255283356; WER: 0.055474452674388885; val_loss: 0.004455544985830784; val_CER: 0.00032441201619803905; val_WER: 0.002919707912951708
2024-04-22 15:16:07,556 - root - INFO - Epoch 4; loss: 0.09927260130643845; CER: 0.002757502254098654; WER: 0.023357663303613663; val_loss: 0.0019713451620191336; val_CER: 0.0; val_WER: 0.0
2024-04-22 15:16:37,861 - root - INFO - Epoch 5; loss: 0.11998222023248672; CER: 0.0027575024869292974; WER: 0.024817518889904022; val_loss: 0.001697493833489716; val_CER: 0.0; val_WER: 0.0
2024-04-22 15:17:09,651 - root - INFO - Epoch 6; loss: 0.08892016857862473; CER: 0.0030819145031273365; WER: 0.027737226337194443; val_loss: 0.0018569332314655185; val_CER: 0.0; val_WER: 0.0
2024-04-22 15:17:40,580 - root - INFO - Epoch 7; loss: 0.1353141814470291; CER: 0.004217356443405151; WER: 0.036496348679065704; val_loss: 0.0017335002776235342; val_CER: 0.0; val_WER: 0.0
2024-04-22 15:18:11,279 - root - INFO - Epoch 8; loss: 0.1414479911327362; CER: 0.004541768692433834; WER: 0.03941605985164642; val_loss: 0.004395721945911646; val_CER: 0.00016220600809901953; val_WER: 0.001459853956475854
2024-04-22 15:18:42,407 - root - INFO - Epoch 9; loss: 0.15125109255313873; CER: 0.005190592724829912; WER: 0.043795619159936905; val_loss: 0.003944790922105312; val_CER: 0.0; val_WER: 0.0
2024-04-22 15:19:13,470 - root - INFO - Epoch 10; loss: 0.1694774627685547; CER: 0.006001622881740332; WER: 0.049635037779808044; val_loss: 0.0023152348585426807; val_CER: 0.00016220600809901953; val_WER: 0.001459853956475854
2024-04-22 15:19:43,584 - root - INFO - Epoch 11; loss: 0.11593391746282578; CER: 0.0034063265193253756; WER: 0.029197080060839653; val_loss: 0.0015982358017936349; val_CER: 0.0; val_WER: 0.0
2024-04-22 15:20:14,545 - root - INFO - Epoch 12; loss: 0.12017867714166641; CER: 0.0037307387683540583; WER: 0.033576641231775284; val_loss: 0.00260819960385561; val_CER: 0.00016220600809901953; val_WER: 0.001459853956475854
2024-04-22 15:20:45,038 - root - INFO - Epoch 13; loss: 0.1356080025434494; CER: 0.004379562567919493; WER: 0.037956204265356064; val_loss: 0.001410199678502977; val_CER: 0.0; val_WER: 0.0
2024-04-22 15:21:15,216 - root - INFO - Epoch 14; loss: 0.11245635896921158; CER: 0.0037307387683540583; WER: 0.03211678937077522; val_loss: 0.0013919216580688953; val_CER: 0.0; val_WER: 0.0
2024-04-22 15:21:45,158 - root - INFO - Epoch 15; loss: 0.13293404877185822; CER: 0.004703974351286888; WER: 0.042335767298936844; val_loss: 0.0021381594706326723; val_CER: 0.0; val_WER: 0.0
2024-04-22 15:22:15,339 - root - INFO - Epoch 16; loss: 0.15844257175922394; CER: 0.006001622881740332; WER: 0.054014597088098526; val_loss: 0.0027001253329217434; val_CER: 0.0; val_WER: 0.0
2024-04-22 15:22:45,455 - root - INFO - Epoch 17; loss: 0.12617287039756775; CER: 0.0038929444272071123; WER: 0.033576641231775284; val_loss: 0.0018628642428666353; val_CER: 0.0; val_WER: 0.0
2024-04-22 15:23:15,371 - root - INFO - Epoch 18; loss: 0.08419784903526306; CER: 0.002919708378612995; WER: 0.026277372613549232; val_loss: 0.0011558685218915343; val_CER: 0.0; val_WER: 0.0
2024-04-22 15:23:45,715 - root - INFO - Epoch 19; loss: 0.10295519232749939; CER: 0.0035685324110090733; WER: 0.03211678937077522; val_loss: 0.0012433327501639724; val_CER: 0.0; val_WER: 0.0
2024-04-22 15:24:16,961 - root - INFO - Epoch 20; loss: 0.10278892517089844; CER: 0.004541769158095121; WER: 0.040875911712646484; val_loss: 0.01447693444788456; val_CER: 0.0006488240323960781; val_WER: 0.005839415825903416
2024-04-22 15:24:48,520 - root - INFO - Epoch 21; loss: 0.08934206515550613; CER: 0.002595296362414956; WER: 0.021897809579968452; val_loss: 0.007093281950801611; val_CER: 0.0004866180242970586; val_WER: 0.004379562102258205
2024-04-22 15:25:18,553 - root - INFO - Epoch 22; loss: 0.10235849767923355; CER: 0.0030819145031273365; WER: 0.027737226337194443; val_loss: 0.0013353892136365175; val_CER: 0.0; val_WER: 0.0
2024-04-22 15:25:48,859 - root - INFO - Epoch 23; loss: 0.1023997962474823; CER: 0.0027575024869292974; WER: 0.024817518889904022; val_loss: 0.0012933441903442144; val_CER: 0.0; val_WER: 0.0
2024-04-22 15:26:18,893 - root - INFO - Epoch 24; loss: 0.10860918462276459; CER: 0.002919708378612995; WER: 0.023357663303613663; val_loss: 0.0013607083819806576; val_CER: 0.0; val_WER: 0.0
2024-04-22 15:26:49,206 - root - INFO - Epoch 25; loss: 0.12985266745090485; CER: 0.0048661804758012295; WER: 0.03941605985164642; val_loss: 0.0006182900979183614; val_CER: 0.0; val_WER: 0.0
2024-04-22 15:27:19,645 - root - INFO - Epoch 26; loss: 0.10110613703727722; CER: 0.0034063265193253756; WER: 0.030656933784484863; val_loss: 0.0007417466258630157; val_CER: 0.0; val_WER: 0.0
2024-04-22 15:27:50,621 - root - INFO - Epoch 27; loss: 0.06266123056411743; CER: 0.002595296362414956; WER: 0.023357663303613663; val_loss: 0.0009288181317970157; val_CER: 0.0; val_WER: 0.0
2024-04-22 15:28:21,613 - root - INFO - Epoch 28; loss: 0.10623691231012344; CER: 0.0037307387683540583; WER: 0.03211678937077522; val_loss: 0.0007116710767149925; val_CER: 0.0; val_WER: 0.0
2024-04-22 15:28:53,711 - root - INFO - Epoch 29; loss: 0.09019467234611511; CER: 0.003081914037466049; WER: 0.027737226337194443; val_loss: 0.0006862191366963089; val_CER: 0.0; val_WER: 0.0
2024-04-22 15:28:55,936 - tf2onnx.tfonnx - INFO - Using tensorflow=2.13.1, onnx=1.14.1, tf2onnx=1.16.1/15c810
2024-04-22 15:28:55,937 - tf2onnx.tfonnx - INFO - Using opset <onnx, 15>
2024-04-22 15:28:56,062 - tf2onnx.tf_utils - INFO - Computed 0 values for constant folding
2024-04-22 15:28:56,334 - tf2onnx.optimizer - INFO - Optimizing ONNX model
2024-04-22 15:28:57,673 - tf2onnx.optimizer - INFO - After optimization: BatchNormalization -18 (18->0), Cast -11 (15->4), Concat -1 (3->2), Const -114 (215->101), Identity -2 (2->0), ReduceProd -2 (2->0), Reshape -10 (13->3), Squeeze -1 (11->10), Transpose -94 (104->10), Unsqueeze -7 (15->8)
2024-04-22 15:33:58,092 - root - INFO - Epoch 0; loss: 0.10581089556217194; CER: 0.0037307385355234146; WER: 0.033576641231775284; val_loss: 0.00121596222743392; val_CER: 0.0; val_WER: 0.0
2024-04-22 15:34:28,041 - root - INFO - Epoch 1; loss: 0.11977352201938629; CER: 0.004379562102258205; WER: 0.03941605985164642; val_loss: 0.0031899139285087585; val_CER: 0.00016220600809901953; val_WER: 0.001459853956475854
2024-04-22 15:34:57,579 - root - INFO - Epoch 2; loss: 0.12561029195785522; CER: 0.0038929448928683996; WER: 0.033576641231775284; val_loss: 0.001956070540472865; val_CER: 0.0; val_WER: 0.0
2024-04-22 15:35:27,491 - root - INFO - Epoch 3; loss: 0.07329727709293365; CER: 0.0024330902379006147; WER: 0.021897809579968452; val_loss: 0.0041537173092365265; val_CER: 0.00032441201619803905; val_WER: 0.002919707912951708
2024-04-22 15:35:57,130 - root - INFO - Epoch 4; loss: 0.12422587722539902; CER: 0.003568531945347786; WER: 0.03211678937077522; val_loss: 0.008173039183020592; val_CER: 0.0006488240323960781; val_WER: 0.005839415825903416
2024-04-22 15:36:27,192 - root - INFO - Epoch 5; loss: 0.09123866260051727; CER: 0.0025952961295843124; WER: 0.023357663303613663; val_loss: 0.004620749969035387; val_CER: 0.00032441201619803905; val_WER: 0.002919707912951708
2024-04-22 15:37:00,318 - root - INFO - Epoch 6; loss: 0.12281904369592667; CER: 0.004217356443405151; WER: 0.036496348679065704; val_loss: 0.002242499031126499; val_CER: 0.00016220600809901953; val_WER: 0.001459853956475854
2024-04-22 15:37:30,419 - root - INFO - Epoch 7; loss: 0.15243075788021088; CER: 0.004379562567919493; WER: 0.037956204265356064; val_loss: 0.0007095929468050599; val_CER: 0.0; val_WER: 0.0
2024-04-22 15:38:01,023 - root - INFO - Epoch 8; loss: 0.1285899430513382; CER: 0.004217356443405151; WER: 0.036496348679065704; val_loss: 0.0029292453546077013; val_CER: 0.00016220600809901953; val_WER: 0.001459853956475854
2024-04-22 15:38:32,828 - root - INFO - Epoch 9; loss: 0.10668022930622101; CER: 0.0030819145031273365; WER: 0.027737226337194443; val_loss: 0.00679223146289587; val_CER: 0.00016220600809901953; val_WER: 0.001459853956475854
2024-04-22 15:39:03,198 - root - INFO - Epoch 10; loss: 0.09532058238983154; CER: 0.0035685324110090733; WER: 0.03211678937077522; val_loss: 0.017027052119374275; val_CER: 0.0004866180242970586; val_WER: 0.004379562102258205
2024-04-22 15:39:33,000 - root - INFO - Epoch 11; loss: 0.09888935089111328; CER: 0.0038929448928683996; WER: 0.03503649681806564; val_loss: 0.011445365846157074; val_CER: 0.00032441201619803905; val_WER: 0.002919707912951708
2024-04-22 15:40:03,099 - root - INFO - Epoch 12; loss: 0.12013047188520432; CER: 0.00437956303358078; WER: 0.03941605985164642; val_loss: 0.007293852977454662; val_CER: 0.00016220600809901953; val_WER: 0.001459853956475854
2024-04-22 15:40:34,596 - root - INFO - Epoch 13; loss: 0.10646373778581619; CER: 0.0034063265193253756; WER: 0.030656933784484863; val_loss: 0.0011282364139333367; val_CER: 0.0; val_WER: 0.0
2024-04-22 15:41:04,911 - root - INFO - Epoch 14; loss: 0.13298112154006958; CER: 0.004703974816948175; WER: 0.040875911712646484; val_loss: 0.0015608533285558224; val_CER: 0.0; val_WER: 0.0
2024-04-22 15:41:35,356 - root - INFO - Epoch 15; loss: 0.12146580964326859; CER: 0.0038929444272071123; WER: 0.033576641231775284; val_loss: 0.0020985074806958437; val_CER: 0.0; val_WER: 0.0
2024-04-22 15:42:06,865 - root - INFO - Epoch 16; loss: 0.13805906474590302; CER: 0.004541768692433834; WER: 0.040875911712646484; val_loss: 0.006951300892978907; val_CER: 0.00032441201619803905; val_WER: 0.002919707912951708
2024-04-22 15:42:37,827 - root - INFO - Epoch 17; loss: 0.1906542181968689; CER: 0.005515004508197308; WER: 0.049635037779808044; val_loss: 0.005051125306636095; val_CER: 0.00016220600809901953; val_WER: 0.001459853956475854
2024-04-22 15:43:08,790 - root - INFO - Epoch 18; loss: 0.1313040554523468; CER: 0.004541768692433834; WER: 0.040875911712646484; val_loss: 0.0007131441379897296; val_CER: 0.0; val_WER: 0.0
2024-04-22 15:43:39,366 - root - INFO - Epoch 19; loss: 0.11818155646324158; CER: 0.0037307385355234146; WER: 0.030656933784484863; val_loss: 0.012040859088301659; val_CER: 0.00032441201619803905; val_WER: 0.002919707912951708
2024-04-22 15:44:10,812 - root - INFO - Epoch 20; loss: 0.11435630172491074; CER: 0.0038929441943764687; WER: 0.033576641231775284; val_loss: 0.0007342483731918037; val_CER: 0.0; val_WER: 0.0
2024-04-22 15:44:41,444 - root - INFO - Epoch 21; loss: 0.10631747543811798; CER: 0.0037307387683540583; WER: 0.033576641231775284; val_loss: 0.0007943970267660916; val_CER: 0.0; val_WER: 0.0
2024-04-22 15:45:12,057 - root - INFO - Epoch 22; loss: 0.10230845212936401; CER: 0.0034063265193253756; WER: 0.030656933784484863; val_loss: 0.003189353970810771; val_CER: 0.00016220600809901953; val_WER: 0.001459853956475854
2024-04-22 15:45:42,538 - root - INFO - Epoch 23; loss: 0.08652978390455246; CER: 0.002757502254098654; WER: 0.023357663303613663; val_loss: 0.0025142270606011152; val_CER: 0.00016220600809901953; val_WER: 0.001459853956475854
2024-04-22 15:46:12,748 - root - INFO - Epoch 24; loss: 0.09538275748491287; CER: 0.0024330902379006147; WER: 0.021897809579968452; val_loss: 0.00037414219696074724; val_CER: 0.0; val_WER: 0.0
2024-04-22 15:46:43,988 - root - INFO - Epoch 25; loss: 0.09121599048376083; CER: 0.004055150784552097; WER: 0.036496348679065704; val_loss: 0.00043305414146743715; val_CER: 0.0; val_WER: 0.0
2024-04-22 15:47:14,445 - root - INFO - Epoch 26; loss: 0.06630729883909225; CER: 0.0019464722136035562; WER: 0.01751824840903282; val_loss: 0.00040250251186080277; val_CER: 0.0; val_WER: 0.0
2024-04-22 15:47:44,735 - root - INFO - Epoch 27; loss: 0.07268767803907394; CER: 0.002919708378612995; WER: 0.023357663303613663; val_loss: 0.00045725578092969954; val_CER: 0.0; val_WER: 0.0
2024-04-22 15:48:15,090 - root - INFO - Epoch 28; loss: 0.058842312544584274; CER: 0.001459853956475854; WER: 0.013138686306774616; val_loss: 0.0014614940155297518; val_CER: 0.0; val_WER: 0.0
2024-04-22 15:48:45,674 - root - INFO - Epoch 29; loss: 0.0734514519572258; CER: 0.0019464722136035562; WER: 0.01751824840903282; val_loss: 0.0009103399352170527; val_CER: 0.0; val_WER: 0.0
2024-04-22 15:48:47,577 - tf2onnx.tfonnx - INFO - Using tensorflow=2.13.1, onnx=1.14.1, tf2onnx=1.16.1/15c810
2024-04-22 15:48:47,577 - tf2onnx.tfonnx - INFO - Using opset <onnx, 15>
2024-04-22 15:48:47,682 - tf2onnx.tf_utils - INFO - Computed 0 values for constant folding
2024-04-22 15:48:47,929 - tf2onnx.optimizer - INFO - Optimizing ONNX model
2024-04-22 15:48:49,058 - tf2onnx.optimizer - INFO - After optimization: BatchNormalization -18 (18->0), Cast -11 (15->4), Concat -1 (3->2), Const -114 (215->101), Identity -2 (2->0), ReduceProd -2 (2->0), Reshape -10 (13->3), Squeeze -1 (11->10), Transpose -94 (104->10), Unsqueeze -7 (15->8)
2024-04-22 17:13:32,707 - ipykernel.comm - ERROR - No such comm target registered: jupyter.widget.control
2024-04-22 17:13:32,712 - Comm - WARNING - No such comm: ff66f9cc-3b81-45cd-bd66-6e2b775a70da
2024-04-22 18:24:30,586 - ipykernel.comm - ERROR - No such comm target registered: jupyter.widget.control
2024-04-22 18:24:30,589 - Comm - WARNING - No such comm: e2b2c65d-62a6-4d10-80f8-4f3b8d1513c3
2024-04-22 18:27:39,306 - DataProvider - INFO - Skipping Dataset validation...
2024-04-22 18:33:05,725 - DataProvider - INFO - Skipping Dataset validation...
2024-04-22 18:35:26,131 - DataProvider - INFO - Skipping Dataset validation...
2024-04-22 18:35:35,326 - root - INFO - Epoch 0; loss: 1.4841349124908447; CER: 0.1111111119389534; WER: 1.0; val_loss: 0.00029958775849081576; val_CER: 0.0; val_WER: 0.0
2024-04-22 18:35:35,646 - root - INFO - Epoch 1; loss: 1.0917495489120483; CER: 0.1111111119389534; WER: 1.0; val_loss: 0.0004383027262520045; val_CER: 0.0; val_WER: 0.0
2024-04-22 18:35:38,517 - tf2onnx.tfonnx - INFO - Using tensorflow=2.13.1, onnx=1.14.1, tf2onnx=1.16.1/15c810
2024-04-22 18:35:38,518 - tf2onnx.tfonnx - INFO - Using opset <onnx, 15>
2024-04-22 18:35:38,694 - tf2onnx.tf_utils - INFO - Computed 0 values for constant folding
2024-04-22 18:35:39,232 - tf2onnx.optimizer - INFO - Optimizing ONNX model
2024-04-22 18:35:41,473 - tf2onnx.optimizer - INFO - After optimization: BatchNormalization -18 (18->0), Cast -11 (15->4), Concat -1 (3->2), Const -114 (215->101), Identity -2 (2->0), ReduceProd -2 (2->0), Reshape -10 (13->3), Squeeze -1 (11->10), Transpose -94 (104->10), Unsqueeze -7 (15->8)
2024-04-22 18:40:55,179 - root - INFO - Epoch 0; loss: 0.36512279510498047; CER: 0.0; WER: 0.0; val_loss: 0.000495455926284194; val_CER: 0.0; val_WER: 0.0
2024-04-22 18:40:57,544 - tf2onnx.tfonnx - INFO - Using tensorflow=2.13.1, onnx=1.14.1, tf2onnx=1.16.1/15c810
2024-04-22 18:40:57,544 - tf2onnx.tfonnx - INFO - Using opset <onnx, 15>
2024-04-22 18:40:57,711 - tf2onnx.tf_utils - INFO - Computed 0 values for constant folding
2024-04-22 18:40:58,089 - tf2onnx.optimizer - INFO - Optimizing ONNX model
2024-04-22 18:41:00,047 - tf2onnx.optimizer - INFO - After optimization: BatchNormalization -18 (18->0), Cast -11 (15->4), Concat -1 (3->2), Const -114 (215->101), Identity -2 (2->0), ReduceProd -2 (2->0), Reshape -10 (13->3), Squeeze -1 (11->10), Transpose -94 (104->10), Unsqueeze -7 (15->8)
2024-04-22 18:42:18,483 - DataProvider - INFO - Skipping Dataset validation...
2024-04-22 18:42:52,542 - root - INFO - Epoch 0; loss: 0.017392531037330627; CER: 0.0; WER: 0.0; val_loss: 0.0004540509544312954; val_CER: 0.0; val_WER: 0.0
2024-04-22 18:42:54,818 - tf2onnx.tfonnx - INFO - Using tensorflow=2.13.1, onnx=1.14.1, tf2onnx=1.16.1/15c810
2024-04-22 18:42:54,818 - tf2onnx.tfonnx - INFO - Using opset <onnx, 15>
2024-04-22 18:42:54,990 - tf2onnx.tf_utils - INFO - Computed 0 values for constant folding
2024-04-22 18:42:55,369 - tf2onnx.optimizer - INFO - Optimizing ONNX model
2024-04-22 18:43:03,356 - tf2onnx.optimizer - INFO - After optimization: BatchNormalization -18 (18->0), Cast -11 (15->4), Concat -1 (3->2), Const -114 (215->101), Identity -2 (2->0), ReduceProd -2 (2->0), Reshape -10 (13->3), Squeeze -1 (11->10), Transpose -94 (104->10), Unsqueeze -7 (15->8)
2024-04-22 18:45:30,086 - root - INFO - Epoch 0; loss: 0.03189925476908684; CER: 0.0; WER: 0.0; val_loss: 0.0009702849201858044; val_CER: 0.0; val_WER: 0.0
2024-04-22 18:45:30,345 - root - INFO - Epoch 1; loss: 3.6364071369171143; CER: 0.1111111119389534; WER: 1.0; val_loss: 0.0015431303763762116; val_CER: 0.0; val_WER: 0.0
2024-04-22 18:45:30,607 - root - INFO - Epoch 2; loss: 0.0026134115178138018; CER: 0.0; WER: 0.0; val_loss: 0.004116355907171965; val_CER: 0.0; val_WER: 0.0
2024-04-22 18:45:30,963 - root - INFO - Epoch 3; loss: 0.34301429986953735; CER: 0.0; WER: 0.0; val_loss: 0.0005708771641366184; val_CER: 0.0; val_WER: 0.0
2024-04-22 18:45:31,231 - root - INFO - Epoch 4; loss: 0.1740540713071823; CER: 0.0; WER: 0.0; val_loss: 0.0005424749688245356; val_CER: 0.0; val_WER: 0.0
2024-04-22 18:45:33,930 - tf2onnx.tfonnx - INFO - Using tensorflow=2.13.1, onnx=1.14.1, tf2onnx=1.16.1/15c810
2024-04-22 18:45:33,930 - tf2onnx.tfonnx - INFO - Using opset <onnx, 15>
2024-04-22 18:45:34,126 - tf2onnx.tf_utils - INFO - Computed 0 values for constant folding
2024-04-22 18:45:34,562 - tf2onnx.optimizer - INFO - Optimizing ONNX model
2024-04-22 18:45:36,590 - tf2onnx.optimizer - INFO - After optimization: BatchNormalization -18 (18->0), Cast -11 (15->4), Concat -1 (3->2), Const -114 (215->101), Identity -2 (2->0), ReduceProd -2 (2->0), Reshape -10 (13->3), Squeeze -1 (11->10), Transpose -94 (104->10), Unsqueeze -7 (15->8)
2024-04-22 20:50:21,174 - ipykernel.comm - ERROR - No such comm target registered: jupyter.widget.control
2024-04-22 20:50:21,187 - Comm - WARNING - No such comm: 79aa0ff9-40ec-48e2-81fd-b86c4ff15b57
2024-04-23 06:27:41,061 - ipykernel.comm - ERROR - No such comm target registered: jupyter.widget.control
2024-04-23 06:27:41,070 - Comm - WARNING - No such comm: 6c447a03-9085-4eb0-af05-3bc0c0186f8c
2024-04-23 11:21:36,991 - ipykernel.comm - ERROR - No such comm target registered: jupyter.widget.control
2024-04-23 11:21:36,996 - Comm - WARNING - No such comm: b83941b8-f3ab-4cc5-9a2e-7228bbc79ab1
2024-04-23 12:10:06,527 - DataProvider - INFO - Skipping Dataset validation...
2024-04-23 12:10:08,251 - DataProvider - INFO - Skipping Dataset validation...
2024-04-24 20:17:16,021 - ipykernel.comm - ERROR - No such comm target registered: jupyter.widget.control
2024-04-24 20:17:16,051 - Comm - WARNING - No such comm: a311f005-775d-46f7-a025-73aae4a0182a
2024-04-24 23:25:17,675 - ipykernel.comm - ERROR - No such comm target registered: jupyter.widget.control
2024-04-24 23:25:17,713 - Comm - WARNING - No such comm: d24c6292-c770-4c77-adb6-59b3b059ba1d
2024-04-25 09:43:16,332 - ipykernel.comm - ERROR - No such comm target registered: jupyter.widget.control
2024-04-25 09:43:16,350 - Comm - WARNING - No such comm: 69c2f2a7-5368-4262-b88b-8cd76c78622f
2024-04-25 11:32:53,599 - ipykernel.comm - ERROR - No such comm target registered: jupyter.widget.control
2024-04-25 11:32:53,637 - Comm - WARNING - No such comm: 3970fb73-6e78-47c2-b2da-5dcbf5de18ac
2024-04-25 14:33:58,260 - ipykernel.comm - ERROR - No such comm target registered: jupyter.widget.control
2024-04-25 14:33:58,288 - Comm - WARNING - No such comm: d538cf85-3707-43f4-9db0-9616f4051b67
2024-04-25 14:52:54,390 - ipykernel.comm - ERROR - No such comm target registered: jupyter.widget.control
2024-04-25 14:52:54,404 - Comm - WARNING - No such comm: 7f905c43-7a6d-45f2-b8b7-653ebe1b4ac6
2024-04-25 18:31:37,044 - ipykernel.comm - ERROR - No such comm target registered: jupyter.widget.control
2024-04-25 18:31:37,074 - Comm - WARNING - No such comm: b0595c9a-94f3-45f0-b4ba-af8d1747ef3a
2024-04-28 12:24:56,187 - ipykernel.comm - ERROR - No such comm target registered: jupyter.widget.control
2024-04-28 12:24:56,208 - Comm - WARNING - No such comm: 4349640c-a049-495d-bc11-f5d867a2be02
2024-04-29 11:31:46,043 - ipykernel.comm - ERROR - No such comm target registered: jupyter.widget.control
2024-04-29 11:31:46,073 - Comm - WARNING - No such comm: 4f2cd410-19eb-4e0d-8863-8e9f470d4f68
2024-04-29 12:51:09,581 - ipykernel.comm - ERROR - No such comm target registered: jupyter.widget.control
2024-04-29 12:51:09,613 - Comm - WARNING - No such comm: 83de8ded-f491-4e3b-b063-bd67956f6002
2024-04-29 16:09:19,046 - ipykernel.comm - ERROR - No such comm target registered: jupyter.widget.control
2024-04-29 16:09:19,068 - Comm - WARNING - No such comm: 25133d5f-04f0-4eea-8c1b-209142089fd8
2024-04-29 16:09:46,581 - ipykernel.comm - ERROR - No such comm target registered: jupyter.widget.control
2024-04-29 16:09:46,588 - Comm - WARNING - No such comm: 342c8326-a72b-466d-89a9-d32ce3d6f907
2024-04-29 18:18:54,743 - ipykernel.comm - ERROR - No such comm target registered: jupyter.widget.control
2024-04-29 18:18:54,779 - Comm - WARNING - No such comm: 584a1fbf-bd63-4b95-b18a-91f10608e7c4
